<?xml version="1.0" encoding="UTF-8"?>
<!-- Generated by org.testng.reporters.JUnitReportReporter -->
<testsuite hostname="LAPTOP-BI4283QF" failures="0" tests="1" name="com.nopcommerce.testcases.TC_AddCustomer_003" time="34.926" errors="0" timestamp="2020-03-27T18:10:01 CDT" skipped="0">
  <testcase classname="com.nopcommerce.testcases.TC_AddCustomer_003" name="addnewcustomer" time="34.926"/>
  <system-out/>
</testsuite> <!-- com.nopcommerce.testcases.TC_AddCustomer_003 -->
