<?xml version="1.0" encoding="UTF-8"?>
<!-- Generated by org.testng.reporters.JUnitReportReporter -->
<testsuite hostname="LAPTOP-BI4283QF" failures="0" tests="1" name="com.nopcommerce.testcases.TC_Logintest_001" time="15.287" errors="0" timestamp="2020-03-28T21:22:12 CDT" skipped="0">
  <testcase classname="com.nopcommerce.testcases.TC_Logintest_001" name="Logintest" time="15.287"/>
  <system-out/>
</testsuite> <!-- com.nopcommerce.testcases.TC_Logintest_001 -->
