<?xml version="1.0" encoding="UTF-8"?>
<!-- Generated by org.testng.reporters.JUnitReportReporter -->
<testsuite hostname="LAPTOP-BI4283QF" failures="0" tests="1" name="com.nopcommerce.testcases.TC_AddCustomer_003" time="31.080" errors="0" timestamp="2020-03-28T21:22:12 CDT" skipped="0">
  <testcase classname="com.nopcommerce.testcases.TC_AddCustomer_003" name="addnewcustomer" time="31.080"/>
  <system-out/>
</testsuite> <!-- com.nopcommerce.testcases.TC_AddCustomer_003 -->
